<?xml version="1.0" encoding="UTF-8"?>
<testng-results skipped="0" failed="0" total="1" passed="1">
  <reporter-output>
  </reporter-output>
  <suite name="Default suite" duration-ms="18822" started-at="2019-08-20T12:25:21Z" finished-at="2019-08-20T12:25:40Z">
    <groups>
    </groups>
    <test name="Default test" duration-ms="18822" started-at="2019-08-20T12:25:21Z" finished-at="2019-08-20T12:25:40Z">
      <class name="homepage.redbus">
        <test-method status="PASS" signature="bookticket()[pri:0, instance:homepage.redbus@6ad5c04e]" name="bookticket" duration-ms="18772" started-at="2019-08-20T17:55:21Z" finished-at="2019-08-20T17:55:40Z">
          <reporter-output>
          </reporter-output>
        </test-method> <!-- bookticket -->
      </class> <!-- homepage.redbus -->
    </test> <!-- Default test -->
  </suite> <!-- Default suite -->
</testng-results>
